[debug] > Exec(early(addDefaultCommands), None, None)
[debug] > Exec(addDefaultCommands, None, None)
[debug] > Exec(early(initialize), None, None)
[debug] > Exec(initialize, None, None)
[debug] > Exec(boot, None, None)
[debug] > Exec(writeSbtVersion, None, None)
[debug] > Exec(reload, None, None)
[debug] > Exec(sbtStashOnFailure, None, None)
[debug] > Exec(onFailure loadFailed, None, None)
[debug] > Exec(loadp, None, None)
[info] welcome to sbt 1.7.2 (Amazon.com Inc. Java 17.0.5)
[debug] Load.defaultLoad until apply took 103.7268ms
[debug]           Load.loadUnit: plugins took 103.0078ms
[debug]           Load.loadUnit: defsScala took 0.3309ms
[debug] [Loading] Scanning directory C:\Users\sindh\Downloads\play-samples-play-java-starter-example (2)\play-samples-play-java-starter-example\project
[debug]             Load.loadUnit: mkEval took 7.6392ms
[debug] [Loading] Found non-root projects 
[debug] [Loading] Done in C:\Users\sindh\Downloads\play-samples-play-java-starter-example (2)\play-samples-play-java-starter-example\project, returning: ()
[debug] deducing auto plugins based on known facts Set(Atom(sbt.plugins.CorePlugin)) and clauses Clauses(Clause(Atom(sbt.plugins.JvmPlugin),Set(Atom(sbt.plugins.IvyPlugin)))
[debug] Clause(Atom(sbt.ScriptedPlugin),Set(Atom(sbt.plugins.JvmPlugin)))
[debug] Clause(Atom(sbt.plugins.SbtPlugin),Set(Atom(sbt.ScriptedPlugin)))
[debug] Clause(Atom(sbt.plugins.SemanticdbPlugin),Set(Atom(sbt.plugins.JvmPlugin)))
[debug] Clause(Atom(sbt.plugins.JUnitXmlReportPlugin),Set(Atom(sbt.plugins.JvmPlugin)))
[debug] Clause(Atom(sbt.plugins.MiniDependencyTreePlugin),Set(Atom(sbt.plugins.JvmPlugin)))
[debug] Clause(Atom(sbt.plugins.CorePlugin),Set(Atom(sbt.plugins.IvyPlugin)))
[debug] Clause(Atom(sbt.plugins.IvyPlugin),Set(Atom(sbt.plugins.JvmPlugin)))
[debug] Clause(Atom(sbt.plugins.JvmPlugin),Set(Atom(sbt.plugins.SemanticdbPlugin)))
[debug] Clause(Atom(sbt.plugins.JvmPlugin),Set(Atom(sbt.plugins.JUnitXmlReportPlugin)))
[debug] Clause(Atom(sbt.plugins.CorePlugin),Set(Atom(sbt.plugins.Giter8TemplatePlugin)))
[debug] Clause(Atom(sbt.plugins.JvmPlugin),Set(Atom(sbt.plugins.MiniDependencyTreePlugin))))
[debug]   :: deduced result: Matched(sbt.plugins.CorePlugin,sbt.plugins.Giter8TemplatePlugin,sbt.plugins.IvyPlugin,sbt.plugins.JvmPlugin,sbt.plugins.MiniDependencyTreePlugin,sbt.plugins.JUnitXmlReportPlugin,sbt.plugins.SemanticdbPlugin)
[debug] Plugins.deducer#function took 14.6173 ms
[info] loading settings for project play-samples-play-java-starter-example-build from plugins.sbt ...
[debug]               Load.resolveProject(play-samples-play-java-starter-example-build) took 41.1878ms
[debug]             Load.loadTransitive: finalizeProject(Project(id play-samples-play-java-starter-example-build, base: C:\Users\sindh\Downloads\play-samples-play-java-starter-example (2)\play-samples-play-java-starter-example\project, plugins: List(<none>))) took 74.1187ms
[debug] [Loading] Done in C:\Users\sindh\Downloads\play-samples-play-java-starter-example (2)\play-samples-play-java-starter-example\project, returning: (play-samples-play-java-starter-example-build)
[debug]           Load.loadUnit: loadedProjectsRaw took 570.5035ms
[debug]           Load.loadUnit: cleanEvalClasses took 10.5079ms
[debug]         Load.loadUnit(file:/C:/Users/sindh/Downloads/play-samples-play-java-starter-example%20(2)/play-samples-play-java-starter-example/project/, ...) took 694.2426ms
[debug]       Load.apply: load took 829.8453ms
[debug]       Load.apply: resolveProjects took 4.2216ms
[debug]       Load.apply: finalTransforms took 84.4092ms
[debug]       Load.apply: config.delegates took 11.8384ms
[debug]       Load.apply: Def.make(settings)... took 408.559ms
[debug]       Load.apply: structureIndex took 133.4273ms
[debug]       Load.apply: mkStreams took 1.9314ms
[info] loading project definition from C:\Users\sindh\Downloads\play-samples-play-java-starter-example (2)\play-samples-play-java-starter-example\project
[debug] Running task... Cancel: Signal, check cycles: false, forcegc: true
[debug]     Load.loadUnit: plugins took 2940.7708ms
[debug]     Load.loadUnit: defsScala took 0.0062ms
[debug] [Loading] Scanning directory C:\Users\sindh\Downloads\play-samples-play-java-starter-example (2)\play-samples-play-java-starter-example
[debug]       Load.loadUnit: mkEval took 0.3818ms
[debug] [Loading] Found root project root w/ remaining 
[debug] deducing auto plugins based on known facts Set(Atom(play.sbt.PlayJava), Atom(sbt.plugins.CorePlugin)) and clauses Clauses(Clause(Atom(sbt.plugins.JvmPlugin),Set(Atom(sbt.plugins.IvyPlugin)))
[debug] Clause(Atom(sbt.ScriptedPlugin),Set(Atom(sbt.plugins.JvmPlugin)))
[debug] Clause(Atom(sbt.plugins.SbtPlugin),Set(Atom(sbt.ScriptedPlugin)))
[debug] Clause(Atom(sbt.plugins.SemanticdbPlugin),Set(Atom(sbt.plugins.JvmPlugin)))
[debug] Clause(Atom(sbt.plugins.JUnitXmlReportPlugin),Set(Atom(sbt.plugins.JvmPlugin)))
[debug] Clause(Atom(sbt.plugins.MiniDependencyTreePlugin),Set(Atom(sbt.plugins.JvmPlugin)))
[debug] Clause(Atom(play.sbt.Play),Set(Atom(play.sbt.routes.RoutesCompiler)))
[debug] Clause(Atom(play.sbt.Play),Set(Atom(com.typesafe.sbt.jse.SbtJsTask)))
[debug] Clause(Atom(play.sbt.Play),Set(Atom(com.typesafe.sbt.packager.archetypes.JavaServerAppPackaging)))
[debug] Clause(Atom(play.sbt.Play),Set(Atom(play.twirl.sbt.SbtTwirl)))
[debug] Clause(Atom(play.sbt.PlayAkkaHttp2Support),Set(Atom(play.sbt.PlayAkkaHttpServer)))
[debug] Clause(Atom(play.sbt.PlayAkkaHttp2Support),Set(Atom(com.lightbend.sbt.javaagent.JavaAgent)))
[debug] Clause(Atom(play.sbt.PlayAkkaHttpServer),Set(Atom(play.sbt.PlayService)))
[debug] Clause(Atom(play.sbt.PlayFilters),Set(Atom(play.sbt.PlayWeb)))
[debug] Clause(Atom(play.sbt.PlayJava),Set(Atom(play.sbt.PlayWeb)))
[debug] Clause(Atom(play.sbt.PlayLayoutPlugin),Set(Atom(play.sbt.PlayWeb)))
[debug] Clause(Atom(play.sbt.PlayLogback),Set(Atom(play.sbt.PlayService)))
[debug] Clause(Atom(play.sbt.PlayMinimalJava),Set(Atom(play.sbt.PlayWeb)))
[debug] Clause(Atom(play.sbt.PlayNettyServer),Set(Atom(play.sbt.PlayService)))
[debug] Clause(Atom(play.sbt.PlayScala),Set(Atom(play.sbt.PlayWeb)))
[debug] Clause(Atom(play.sbt.PlayService),Set(Atom(com.typesafe.sbt.packager.archetypes.JavaServerAppPackaging)))
[debug] Clause(Atom(play.sbt.PlayWeb),Set(Atom(play.sbt.routes.RoutesCompiler)))
[debug] Clause(Atom(play.sbt.PlayWeb),Set(Atom(com.typesafe.sbt.jse.SbtJsTask)))
[debug] Clause(Atom(play.sbt.PlayWeb),Set(Atom(play.sbt.PlayService)))
[debug] Clause(Atom(play.sbt.PlayWeb),Set(Atom(play.twirl.sbt.SbtTwirl)))
[debug] Clause(Atom(play.sbt.routes.RoutesCompiler),Set(Atom(sbt.plugins.JvmPlugin)))
[debug] Clause(Atom(play.sbt.test.MediatorWorkaroundPlugin),Set(Atom(sbt.plugins.JvmPlugin)))
[debug] Clause(Atom(play.twirl.sbt.SbtTwirl),Set(Atom(sbt.plugins.JvmPlugin)))
[debug] Clause(Atom(com.typesafe.sbt.SbtNativePackager),Set(Atom(sbt.plugins.JvmPlugin)))
[debug] Clause(Atom(com.typesafe.sbt.packager.archetypes.JavaAppPackaging),Set(Atom(com.typesafe.sbt.packager.windows.WindowsPlugin)))
[debug] Clause(Atom(com.typesafe.sbt.packager.archetypes.JavaAppPackaging),Set(Atom(com.typesafe.sbt.packager.docker.DockerPlugin)))
[debug] Clause(Atom(com.typesafe.sbt.packager.archetypes.JavaAppPackaging),Set(Atom(com.typesafe.sbt.packager.debian.DebianPlugin)))
[debug] Clause(Atom(com.typesafe.sbt.packager.archetypes.JavaAppPackaging),Set(Atom(com.typesafe.sbt.packager.rpm.RpmPlugin)))
[debug] Clause(Atom(com.typesafe.sbt.packager.archetypes.JavaServerAppPackaging),Set(Atom(com.typesafe.sbt.packager.archetypes.JavaAppPackaging)))
[debug] Clause(Atom(com.typesafe.sbt.packager.archetypes.jar.ClasspathJarPlugin),Set(Atom(com.typesafe.sbt.packager.archetypes.JavaAppPackaging)))
[debug] Clause(Atom(com.typesafe.sbt.packager.archetypes.jar.LauncherJarPlugin),Set(Atom(com.typesafe.sbt.packager.archetypes.JavaAppPackaging)))
[debug] Clause(Atom(com.typesafe.sbt.packager.archetypes.jlink.JlinkPlugin),Set(Atom(com.typesafe.sbt.packager.archetypes.JavaAppPackaging)))
[debug] Clause(Atom(com.typesafe.sbt.packager.archetypes.scripts.AshScriptPlugin),Set(Atom(com.typesafe.sbt.packager.archetypes.JavaAppPackaging)))
[debug] Clause(Atom(com.typesafe.sbt.packager.archetypes.scripts.AshScriptPlugin),Set(Atom(com.typesafe.sbt.packager.archetypes.scripts.BashStartScriptPlugin)))
[debug] Clause(Atom(com.typesafe.sbt.packager.archetypes.scripts.BashStartScriptPlugin),Set(Atom(com.typesafe.sbt.packager.archetypes.JavaAppPackaging)))
[debug] Clause(Atom(com.typesafe.sbt.packager.archetypes.scripts.BatStartScriptPlugin),Set(Atom(com.typesafe.sbt.packager.archetypes.JavaAppPackaging)))
[debug] Clause(Atom(com.typesafe.sbt.packager.archetypes.systemloader.SystemVPlugin),Set(Atom(com.typesafe.sbt.packager.archetypes.systemloader.SystemloaderPlugin)))
[debug] Clause(Atom(com.typesafe.sbt.packager.archetypes.systemloader.SystemdPlugin),Set(Atom(com.typesafe.sbt.packager.archetypes.systemloader.SystemloaderPlugin)))
[debug] Clause(Atom(com.typesafe.sbt.packager.archetypes.systemloader.SystemloaderPlugin),Set(Atom(com.typesafe.sbt.packager.debian.DebianPlugin)))
[debug] Clause(Atom(com.typesafe.sbt.packager.archetypes.systemloader.SystemloaderPlugin),Set(Atom(com.typesafe.sbt.packager.rpm.RpmPlugin)))
[debug] Clause(Atom(com.typesafe.sbt.packager.archetypes.systemloader.UpstartPlugin),Set(Atom(com.typesafe.sbt.packager.archetypes.systemloader.SystemloaderPlugin)))
[debug] Clause(Atom(com.typesafe.sbt.packager.debian.DebianDeployPlugin),Set(Atom(com.typesafe.sbt.packager.debian.DebianPlugin)))
[debug] Clause(Atom(com.typesafe.sbt.packager.debian.DebianPlugin),Set(Atom(com.typesafe.sbt.packager.linux.LinuxPlugin)))
[debug] Clause(Atom(com.typesafe.sbt.packager.debian.JDebPackaging),Set(Atom(com.typesafe.sbt.packager.debian.DebianPlugin)))
[debug] Clause(Atom(com.typesafe.sbt.packager.docker.DockerPlugin),Set(Atom(com.typesafe.sbt.packager.universal.UniversalPlugin)))
[debug] Clause(Atom(com.typesafe.sbt.packager.docker.DockerSpotifyClientPlugin),Set(Atom(com.typesafe.sbt.packager.docker.DockerPlugin)))
[debug] Clause(Atom(com.typesafe.sbt.packager.graalvmnativeimage.GraalVMNativeImagePlugin),Set(Atom(com.typesafe.sbt.packager.archetypes.JavaAppPackaging)))
[debug] Clause(Atom(com.typesafe.sbt.packager.jdkpackager.JDKPackagerDeployPlugin),Set(Atom(com.typesafe.sbt.packager.jdkpackager.JDKPackagerPlugin)))
[debug] Clause(Atom(com.typesafe.sbt.packager.jdkpackager.JDKPackagerPlugin),Set(Atom(com.typesafe.sbt.packager.archetypes.JavaAppPackaging)))
[debug] Clause(Atom(com.typesafe.sbt.packager.jdkpackager.JDKPackagerPlugin),Set(Atom(com.typesafe.sbt.packager.archetypes.jar.LauncherJarPlugin)))
[debug] Clause(Atom(com.typesafe.sbt.packager.linux.LinuxPlugin),Set(Atom(com.typesafe.sbt.packager.universal.UniversalPlugin)))
[debug] Clause(Atom(com.typesafe.sbt.packager.rpm.RpmDeployPlugin),Set(Atom(com.typesafe.sbt.packager.rpm.RpmPlugin)))
[debug] Clause(Atom(com.typesafe.sbt.packager.rpm.RpmPlugin),Set(Atom(com.typesafe.sbt.packager.linux.LinuxPlugin)))
[debug] Clause(Atom(com.typesafe.sbt.packager.universal.UniversalDeployPlugin),Set(Atom(com.typesafe.sbt.packager.universal.UniversalPlugin)))
[debug] Clause(Atom(com.typesafe.sbt.packager.universal.UniversalPlugin),Set(Atom(com.typesafe.sbt.SbtNativePackager)))
[debug] Clause(Atom(com.typesafe.sbt.packager.windows.WindowsDeployPlugin),Set(Atom(com.typesafe.sbt.packager.windows.WindowsPlugin)))
[debug] Clause(Atom(com.typesafe.sbt.packager.windows.WindowsPlugin),Set(Atom(com.typesafe.sbt.packager.universal.UniversalPlugin)))
[debug] Clause(Atom(com.lightbend.sbt.javaagent.JavaAgent),Set(Atom(sbt.plugins.JvmPlugin)))
[debug] Clause(Atom(com.lightbend.sbt.javaagent.JavaAgentPackaging),Set(Atom(com.lightbend.sbt.javaagent.JavaAgent)))
[debug] Clause(Atom(com.lightbend.sbt.javaagent.JavaAgentPackaging),Set(Atom(com.typesafe.sbt.packager.archetypes.JavaAppPackaging)))
[debug] Clause(Atom(com.typesafe.sbt.web.SbtWeb),Set(Atom(sbt.plugins.JvmPlugin)))
[debug] Clause(Atom(com.typesafe.sbt.jse.SbtJsEngine),Set(Atom(com.typesafe.sbt.web.SbtWeb)))
[debug] Clause(Atom(com.typesafe.sbt.jse.SbtJsTask),Set(Atom(com.typesafe.sbt.jse.SbtJsEngine)))
[debug] Clause(Atom(sbt.plugins.CorePlugin),Set(Atom(sbt.plugins.IvyPlugin)))
[debug] Clause(Atom(sbt.plugins.IvyPlugin),Set(Atom(sbt.plugins.JvmPlugin)))
[debug] Clause(Atom(sbt.plugins.JvmPlugin),Set(Atom(sbt.plugins.SemanticdbPlugin)))
[debug] Clause(Atom(sbt.plugins.JvmPlugin),Set(Atom(sbt.plugins.JUnitXmlReportPlugin)))
[debug] Clause(Atom(sbt.plugins.CorePlugin),Set(Atom(sbt.plugins.Giter8TemplatePlugin)))
[debug] Clause(Atom(sbt.plugins.JvmPlugin),Set(Atom(sbt.plugins.MiniDependencyTreePlugin)))
[debug] Clause(Atom(play.sbt.PlayService),Set(Atom(play.sbt.PlayAkkaHttpServer)))
[debug] Clause(Atom(play.sbt.PlayWeb),Set(Atom(play.sbt.PlayFilters)))
[debug] Clause(Atom(play.sbt.PlayWeb),Set(Atom(play.sbt.PlayLayoutPlugin)))
[debug] Clause(Atom(play.sbt.PlayService),Set(Atom(play.sbt.PlayLogback)))
[debug] Clause(Atom(com.typesafe.sbt.packager.archetypes.JavaAppPackaging),Set(Atom(com.typesafe.sbt.packager.archetypes.scripts.BashStartScriptPlugin)))
[debug] Clause(Atom(com.typesafe.sbt.packager.archetypes.JavaAppPackaging),Set(Atom(com.typesafe.sbt.packager.archetypes.scripts.BatStartScriptPlugin)))
[debug] Clause(And(Set(Atom(com.lightbend.sbt.javaagent.JavaAgent), Atom(com.typesafe.sbt.packager.archetypes.JavaAppPackaging))),Set(Atom(com.lightbend.sbt.javaagent.JavaAgentPackaging)))
[debug] Clause(Atom(com.typesafe.sbt.web.SbtWeb),Set(Atom(com.typesafe.sbt.jse.SbtJsEngine)))
[debug] Clause(Atom(com.typesafe.sbt.jse.SbtJsEngine),Set(Atom(com.typesafe.sbt.jse.SbtJsTask))))
[debug]   :: deduced result: Matched(sbt.plugins.CorePlugin,play.sbt.PlayJava,sbt.plugins.Giter8TemplatePlugin,sbt.plugins.IvyPlugin,play.sbt.PlayWeb,play.twirl.sbt.SbtTwirl,sbt.plugins.JvmPlugin,play.sbt.PlayService,play.sbt.PlayFilters,play.sbt.PlayLayoutPlugin,play.sbt.routes.RoutesCompiler,com.typesafe.sbt.jse.SbtJsTask,com.typesafe.sbt.packager.archetypes.JavaServerAppPackaging,sbt.plugins.SemanticdbPlugin,sbt.plugins.JUnitXmlReportPlugin,play.sbt.PlayLogback,sbt.plugins.MiniDependencyTreePlugin,com.typesafe.sbt.jse.SbtJsEngine,play.sbt.PlayAkkaHttpServer,com.typesafe.sbt.web.SbtWeb,com.typesafe.sbt.packager.archetypes.JavaAppPackaging,com.typesafe.sbt.packager.rpm.RpmPlugin,com.typesafe.sbt.packager.archetypes.scripts.BashStartScriptPlugin,com.typesafe.sbt.packager.windows.WindowsPlugin,com.typesafe.sbt.packager.archetypes.scripts.BatStartScriptPlugin,com.typesafe.sbt.packager.docker.DockerPlugin,com.typesafe.sbt.packager.debian.DebianPlugin,com.typesafe.sbt.packager.universal.UniversalPlugin,com.typesafe.sbt.packager.linux.LinuxPlugin,com.typesafe.sbt.SbtNativePackager)
[debug] Plugins.deducer#function took 21.5793 ms
[info] loading settings for project root from build.sbt ...
[debug]         Load.resolveProject(root) took 107.791ms
[debug]       Load.loadTransitive: finalizeProject(Project(id root, base: C:\Users\sindh\Downloads\play-samples-play-java-starter-example (2)\play-samples-play-java-starter-example, plugins: List(play.sbt.PlayJava))) took 132.7973ms
[debug] [Loading] Done in C:\Users\sindh\Downloads\play-samples-play-java-starter-example (2)\play-samples-play-java-starter-example, returning: (root)
[debug]     Load.loadUnit: loadedProjectsRaw took 199.4624ms
[debug]     Load.loadUnit: cleanEvalClasses took 2.902ms
[debug]   Load.loadUnit(file:/C:/Users/sindh/Downloads/play-samples-play-java-starter-example%20(2)/play-samples-play-java-starter-example/, ...) took 3145.5764ms
[debug] Load.apply: load took 3171.3111ms
[debug] Load.apply: resolveProjects took 0.2713ms
[debug] Load.apply: finalTransforms took 21.0878ms
[debug] Load.apply: config.delegates took 2.433ms
[debug] Load.apply: Def.make(settings)... took 135.6ms
[debug] Load.apply: structureIndex took 49.6222ms
[debug] Load.apply: mkStreams took 0.0024ms
[info]   __              __
[info]   \ \     ____   / /____ _ __  __
[info]    \ \   / __ \ / // __ `// / / /
[info]    / /  / /_/ // // /_/ // /_/ /
[info]   /_/  / .___//_/ \__,_/ \__, /
[info]       /_/               /____/
[info] 
[info] Version 2.8.19 running Java 17.0.5
[info] 
[info] Play is run entirely by the community. Please consider contributing and/or donating:
[info] https://www.playframework.com/sponsors
[info] 
[info] Running Play on Java 17 is experimental. Tweaks are necessary:
[info] https://github.com/playframework/playframework/releases/2.8.15
[info] 
[debug] > Exec(sbtPopOnFailure, None, None)
[debug] > Exec(resumeFromFailure, None, None)
[debug] > Exec(notifyUsersAboutShell, None, None)
[debug] > Exec(iflast shell, None, None)
[debug] > Exec(project root, None, None)
[info]   __              __
[info]   \ \     ____   / /____ _ __  __
[info]    \ \   / __ \ / // __ `// / / /
[info]    / /  / /_/ // // /_/ // /_/ /
[info]   /_/  / .___//_/ \__,_/ \__, /
[info]       /_/               /____/
[info] 
[info] Version 2.8.19 running Java 17.0.5
[info] 
[info] Play is run entirely by the community. Please consider contributing and/or donating:
[info] https://www.playframework.com/sponsors
[info] 
[info] Running Play on Java 17 is experimental. Tweaks are necessary:
[info] https://github.com/playframework/playframework/releases/2.8.15
[info] 
[debug] > Exec(~run, None, None)
[info] sbt server started at local:sbt-server-fbd6adef48b71b0f2c7f
[debug] Writing bsp connection file
[info] started sbt server
[debug] Running task... Cancel: Signal, check cycles: false, forcegc: true
[debug] > Exec(__runWatch console0, None, None)
[debug] > Exec(sbtStashOnFailure, None, None)
[debug] > Exec(__preWatch console0, None, None)
[debug] > Exec(run, None, None)
[debug] Evaluating tasks: Compile / run
[debug] Running task... Cancel: Signal, check cycles: false, forcegc: true
[debug] Running task... Cancel: Signal, check cycles: false, forcegc: true
[info] compiling 7 Scala sources and 15 Java sources to C:\Users\sindh\Downloads\play-samples-play-java-starter-example (2)\play-samples-play-java-starter-example\target\scala-2.13\classes ...
[error] C:\Users\sindh\Downloads\play-samples-play-java-starter-example (2)\play-samples-play-java-starter-example\conf\routes:23:1: not found: value Http
[error] POST    /employee                    controllers.EmployeeController.create(request : Http.Request)
[error] C:\Users\sindh\Downloads\play-samples-play-java-starter-example (2)\play-samples-play-java-starter-example\conf\routes:23:1: not found: value Http
[error] POST    /employee                    controllers.EmployeeController.create(request : Http.Request)
[error] C:\Users\sindh\Downloads\play-samples-play-java-starter-example (2)\play-samples-play-java-starter-example\conf\routes:26:1: not found: value Http
[error] PUT     /employee/:id                controllers.EmployeeController.update(request : Http.Request , id:Integer)
[error] C:\Users\sindh\Downloads\play-samples-play-java-starter-example (2)\play-samples-play-java-starter-example\conf\routes:26:1: not found: value Http
[error] PUT     /employee/:id                controllers.EmployeeController.update(request : Http.Request , id:Integer)
[error] C:\Users\sindh\Downloads\play-samples-play-java-starter-example (2)\play-samples-play-java-starter-example\conf\routes:23:1: not found: value Http
[error] POST    /employee                    controllers.EmployeeController.create(request : Http.Request)
[error] C:\Users\sindh\Downloads\play-samples-play-java-starter-example (2)\play-samples-play-java-starter-example\conf\routes:26:1: not found: value Http
[error] PUT     /employee/:id                controllers.EmployeeController.update(request : Http.Request , id:Integer)
[error] C:\Users\sindh\Downloads\play-samples-play-java-starter-example (2)\play-samples-play-java-starter-example\conf\routes:23:1: not found: value Http
[error] POST    /employee                    controllers.EmployeeController.create(request : Http.Request)
[error] C:\Users\sindh\Downloads\play-samples-play-java-starter-example (2)\play-samples-play-java-starter-example\conf\routes:23:1: not found: value Http
[error] POST    /employee                    controllers.EmployeeController.create(request : Http.Request)
[error] C:\Users\sindh\Downloads\play-samples-play-java-starter-example (2)\play-samples-play-java-starter-example\conf\routes:26:1: not found: value Http
[error] PUT     /employee/:id                controllers.EmployeeController.update(request : Http.Request , id:Integer)
[error] C:\Users\sindh\Downloads\play-samples-play-java-starter-example (2)\play-samples-play-java-starter-example\conf\routes:26:1: not found: value Http
[error] PUT     /employee/:id                controllers.EmployeeController.update(request : Http.Request , id:Integer)
[error] C:\Users\sindh\Downloads\play-samples-play-java-starter-example (2)\play-samples-play-java-starter-example\conf\routes:23:1: not found: value Http
[error] POST    /employee                    controllers.EmployeeController.create(request : Http.Request)
[error] C:\Users\sindh\Downloads\play-samples-play-java-starter-example (2)\play-samples-play-java-starter-example\conf\routes:26:1: not found: value Http
[error] PUT     /employee/:id                controllers.EmployeeController.update(request : Http.Request , id:Integer)
[error] 12 errors found
[error] (Compile / compileIncremental) Compilation failed
[debug] Running task... Cancel: Signal, check cycles: false, forcegc: true
[debug] Running task... Cancel: Signal, check cycles: false, forcegc: true
[debug] Running task... Cancel: Signal, check cycles: false, forcegc: true
[info] compiling 7 Scala sources and 15 Java sources to C:\Users\sindh\Downloads\play-samples-play-java-starter-example (2)\play-samples-play-java-starter-example\target\scala-2.13\classes ...
[error] C:\Users\sindh\Downloads\play-samples-play-java-starter-example (2)\play-samples-play-java-starter-example\conf\routes:23:1: not found: value Http
[error] POST    /employee                    controllers.EmployeeController.create(request : Http.Request)
[error] C:\Users\sindh\Downloads\play-samples-play-java-starter-example (2)\play-samples-play-java-starter-example\conf\routes:23:1: not found: value Http
[error] POST    /employee                    controllers.EmployeeController.create(request : Http.Request)
[error] C:\Users\sindh\Downloads\play-samples-play-java-starter-example (2)\play-samples-play-java-starter-example\conf\routes:26:1: not found: value Http
[error] PUT     /employee/:id                controllers.EmployeeController.update(request : Http.Request , id:Integer)
[error] C:\Users\sindh\Downloads\play-samples-play-java-starter-example (2)\play-samples-play-java-starter-example\conf\routes:26:1: not found: value Http
[error] PUT     /employee/:id                controllers.EmployeeController.update(request : Http.Request , id:Integer)
[error] C:\Users\sindh\Downloads\play-samples-play-java-starter-example (2)\play-samples-play-java-starter-example\conf\routes:23:1: not found: value Http
[error] POST    /employee                    controllers.EmployeeController.create(request : Http.Request)
[error] C:\Users\sindh\Downloads\play-samples-play-java-starter-example (2)\play-samples-play-java-starter-example\conf\routes:26:1: not found: value Http
[error] PUT     /employee/:id                controllers.EmployeeController.update(request : Http.Request , id:Integer)
[error] C:\Users\sindh\Downloads\play-samples-play-java-starter-example (2)\play-samples-play-java-starter-example\conf\routes:23:1: not found: value Http
[error] POST    /employee                    controllers.EmployeeController.create(request : Http.Request)
[error] C:\Users\sindh\Downloads\play-samples-play-java-starter-example (2)\play-samples-play-java-starter-example\conf\routes:23:1: not found: value Http
[error] POST    /employee                    controllers.EmployeeController.create(request : Http.Request)
[error] C:\Users\sindh\Downloads\play-samples-play-java-starter-example (2)\play-samples-play-java-starter-example\conf\routes:26:1: not found: value Http
[error] PUT     /employee/:id                controllers.EmployeeController.update(request : Http.Request , id:Integer)
[error] C:\Users\sindh\Downloads\play-samples-play-java-starter-example (2)\play-samples-play-java-starter-example\conf\routes:26:1: not found: value Http
[error] PUT     /employee/:id                controllers.EmployeeController.update(request : Http.Request , id:Integer)
[error] C:\Users\sindh\Downloads\play-samples-play-java-starter-example (2)\play-samples-play-java-starter-example\conf\routes:23:1: not found: value Http
[error] POST    /employee                    controllers.EmployeeController.create(request : Http.Request)
[error] C:\Users\sindh\Downloads\play-samples-play-java-starter-example (2)\play-samples-play-java-starter-example\conf\routes:26:1: not found: value Http
[error] PUT     /employee/:id                controllers.EmployeeController.update(request : Http.Request , id:Integer)
[error] 12 errors found
[debug] Forcing garbage collection...
[error] (Compile / compileIncremental) Compilation failed
[debug] Running task... Cancel: Signal, check cycles: false, forcegc: true
[debug] Running task... Cancel: Signal, check cycles: false, forcegc: true
[debug] Running task... Cancel: Signal, check cycles: false, forcegc: true
[info] compiling 7 Scala sources and 15 Java sources to C:\Users\sindh\Downloads\play-samples-play-java-starter-example (2)\play-samples-play-java-starter-example\target\scala-2.13\classes ...
[error] C:\Users\sindh\Downloads\play-samples-play-java-starter-example (2)\play-samples-play-java-starter-example\conf\routes:23:1: not found: value Http
[error] POST    /employee                    controllers.EmployeeController.create(request : Http.Request)
[error] C:\Users\sindh\Downloads\play-samples-play-java-starter-example (2)\play-samples-play-java-starter-example\conf\routes:23:1: not found: value Http
[error] POST    /employee                    controllers.EmployeeController.create(request : Http.Request)
[error] C:\Users\sindh\Downloads\play-samples-play-java-starter-example (2)\play-samples-play-java-starter-example\conf\routes:26:1: not found: value Http
[error] PUT     /employee/:id                controllers.EmployeeController.update(request : Http.Request , id:Integer)
[error] C:\Users\sindh\Downloads\play-samples-play-java-starter-example (2)\play-samples-play-java-starter-example\conf\routes:26:1: not found: value Http
[error] PUT     /employee/:id                controllers.EmployeeController.update(request : Http.Request , id:Integer)
[error] C:\Users\sindh\Downloads\play-samples-play-java-starter-example (2)\play-samples-play-java-starter-example\conf\routes:23:1: not found: value Http
[error] POST    /employee                    controllers.EmployeeController.create(request : Http.Request)
[error] C:\Users\sindh\Downloads\play-samples-play-java-starter-example (2)\play-samples-play-java-starter-example\conf\routes:26:1: not found: value Http
[error] PUT     /employee/:id                controllers.EmployeeController.update(request : Http.Request , id:Integer)
[error] C:\Users\sindh\Downloads\play-samples-play-java-starter-example (2)\play-samples-play-java-starter-example\conf\routes:23:1: not found: value Http
[error] POST    /employee                    controllers.EmployeeController.create(request : Http.Request)
[error] C:\Users\sindh\Downloads\play-samples-play-java-starter-example (2)\play-samples-play-java-starter-example\conf\routes:23:1: not found: value Http
[error] POST    /employee                    controllers.EmployeeController.create(request : Http.Request)
[error] C:\Users\sindh\Downloads\play-samples-play-java-starter-example (2)\play-samples-play-java-starter-example\conf\routes:26:1: not found: value Http
[error] PUT     /employee/:id                controllers.EmployeeController.update(request : Http.Request , id:Integer)
[error] C:\Users\sindh\Downloads\play-samples-play-java-starter-example (2)\play-samples-play-java-starter-example\conf\routes:26:1: not found: value Http
[error] PUT     /employee/:id                controllers.EmployeeController.update(request : Http.Request , id:Integer)
[error] C:\Users\sindh\Downloads\play-samples-play-java-starter-example (2)\play-samples-play-java-starter-example\conf\routes:23:1: not found: value Http
[error] POST    /employee                    controllers.EmployeeController.create(request : Http.Request)
[error] C:\Users\sindh\Downloads\play-samples-play-java-starter-example (2)\play-samples-play-java-starter-example\conf\routes:26:1: not found: value Http
[error] PUT     /employee/:id                controllers.EmployeeController.update(request : Http.Request , id:Integer)
[error] 12 errors found
[error] (Compile / compileIncremental) Compilation failed
[debug] Running task... Cancel: Signal, check cycles: false, forcegc: true
[debug] Running task... Cancel: Signal, check cycles: false, forcegc: true
[debug] Running task... Cancel: Signal, check cycles: false, forcegc: true
[info] compiling 7 Scala sources and 15 Java sources to C:\Users\sindh\Downloads\play-samples-play-java-starter-example (2)\play-samples-play-java-starter-example\target\scala-2.13\classes ...
[info] done compiling
[debug] Running task... Cancel: Signal, check cycles: false, forcegc: true
[debug] Exporting web-assets:play-java-starter-example
[debug] Running task... Cancel: Signal, check cycles: false, forcegc: true
